# Logfile created on 2014-01-01 20:45:21 -0600 by logger.rb/44203
I, [2014-01-01T20:45:21.044829 #13071]  INFO -- : 0:  rake (10.1.1) from /Users/home/.rvm/gems/ruby-2.1.0/specifications/rake-10.1.1.gemspec
I, [2014-01-01T20:45:21.045803 #13071]  INFO -- : 0:  i18n (0.6.9) from /Users/home/.rvm/gems/ruby-2.1.0/specifications/i18n-0.6.9.gemspec
I, [2014-01-01T20:45:21.046508 #13071]  INFO -- : 0:  minitest (4.7.5) from /Users/home/.rvm/rubies/ruby-2.1.0/lib/ruby/gems/2.1.0/specifications/default/minitest-4.7.5.gemspec
I, [2014-01-01T20:45:21.047025 #13071]  INFO -- : 0:  multi_json (1.8.2) from /Users/home/.rvm/gems/ruby-2.1.0/specifications/multi_json-1.8.2.gemspec
I, [2014-01-01T20:45:21.047740 #13071]  INFO -- : 0:  atomic (1.1.14) from /Users/home/.rvm/gems/ruby-2.1.0/specifications/atomic-1.1.14.gemspec
I, [2014-01-01T20:45:21.048517 #13071]  INFO -- : 0:  thread_safe (0.1.3) from /Users/home/.rvm/gems/ruby-2.1.0/specifications/thread_safe-0.1.3.gemspec
I, [2014-01-01T20:45:21.049273 #13071]  INFO -- : 0:  tzinfo (0.3.38) from /Users/home/.rvm/gems/ruby-2.1.0/specifications/tzinfo-0.3.38.gemspec
I, [2014-01-01T20:45:21.050041 #13071]  INFO -- : 0:  activesupport (4.0.2) from /Users/home/.rvm/gems/ruby-2.1.0/specifications/activesupport-4.0.2.gemspec
I, [2014-01-01T20:45:21.050798 #13071]  INFO -- : 0:  builder (3.1.4) from /Users/home/.rvm/gems/ruby-2.1.0/specifications/builder-3.1.4.gemspec
I, [2014-01-01T20:45:21.051525 #13071]  INFO -- : 0:  erubis (2.7.0) from /Users/home/.rvm/gems/ruby-2.1.0/specifications/erubis-2.7.0.gemspec
I, [2014-01-01T20:45:21.052396 #13071]  INFO -- : 0:  rack (1.5.2) from /Users/home/.rvm/gems/ruby-2.1.0/specifications/rack-1.5.2.gemspec
I, [2014-01-01T20:45:21.053168 #13071]  INFO -- : 0:  rack-test (0.6.2) from /Users/home/.rvm/gems/ruby-2.1.0/specifications/rack-test-0.6.2.gemspec
I, [2014-01-01T20:45:21.053922 #13071]  INFO -- : 0:  actionpack (4.0.2) from /Users/home/.rvm/gems/ruby-2.1.0/specifications/actionpack-4.0.2.gemspec
I, [2014-01-01T20:45:21.054707 #13071]  INFO -- : 0:  mime-types (1.25.1) from /Users/home/.rvm/gems/ruby-2.1.0/specifications/mime-types-1.25.1.gemspec
I, [2014-01-01T20:45:21.056996 #13071]  INFO -- : 0:  polyglot (0.3.3) from /Users/home/.rvm/gems/ruby-2.1.0/specifications/polyglot-0.3.3.gemspec
I, [2014-01-01T20:45:21.057722 #13071]  INFO -- : 0:  treetop (1.4.15) from /Users/home/.rvm/gems/ruby-2.1.0/specifications/treetop-1.4.15.gemspec
I, [2014-01-01T20:45:21.058210 #13071]  INFO -- : 0:  mail (2.5.4) from /Users/home/.rvm/gems/ruby-2.1.0/specifications/mail-2.5.4.gemspec
I, [2014-01-01T20:45:21.058879 #13071]  INFO -- : 0:  actionmailer (4.0.2) from /Users/home/.rvm/gems/ruby-2.1.0/specifications/actionmailer-4.0.2.gemspec
I, [2014-01-01T20:45:21.059256 #13071]  INFO -- : 0:  activemodel (4.0.2) from /Users/home/.rvm/gems/ruby-2.1.0/specifications/activemodel-4.0.2.gemspec
I, [2014-01-01T20:45:21.059662 #13071]  INFO -- : 0:  activerecord-deprecated_finders (1.0.3) from /Users/home/.rvm/gems/ruby-2.1.0/specifications/activerecord-deprecated_finders-1.0.3.gemspec
I, [2014-01-01T20:45:21.060299 #13071]  INFO -- : 0:  arel (4.0.1) from /Users/home/.rvm/gems/ruby-2.1.0/specifications/arel-4.0.1.gemspec
I, [2014-01-01T20:45:21.064860 #13071]  INFO -- : 0:  activerecord (4.0.2) from /Users/home/.rvm/gems/ruby-2.1.0/specifications/activerecord-4.0.2.gemspec
I, [2014-01-01T20:45:21.065239 #13071]  INFO -- : 0:  bundler (1.5.1) from /Users/home/.rvm/gems/ruby-2.1.0@global/specifications/bundler-1.5.1.gemspec
I, [2014-01-01T20:45:22.519767 #13071]  INFO -- : 0:  coffee-script-source (1.6.3) from /Users/home/.rvm/gems/ruby-2.1.0/specifications/coffee-script-source-1.6.3.gemspec
I, [2014-01-01T20:45:23.919085 #13071]  INFO -- : 0:  execjs (2.0.2) from /Users/home/.rvm/gems/ruby-2.1.0/specifications/execjs-2.0.2.gemspec
I, [2014-01-01T20:45:24.879567 #13071]  INFO -- : 0:  coffee-script (2.2.0) from /Users/home/.rvm/gems/ruby-2.1.0/specifications/coffee-script-2.2.0.gemspec
I, [2014-01-01T20:45:24.880469 #13071]  INFO -- : 0:  thor (0.18.1) from /Users/home/.rvm/gems/ruby-2.1.0/specifications/thor-0.18.1.gemspec
I, [2014-01-01T20:45:24.882722 #13071]  INFO -- : 0:  railties (4.0.2) from /Users/home/.rvm/gems/ruby-2.1.0/specifications/railties-4.0.2.gemspec
I, [2014-01-01T20:45:26.642631 #13071]  INFO -- : 0:  coffee-rails (4.0.1) from /Users/home/.rvm/gems/ruby-2.1.0/specifications/coffee-rails-4.0.1.gemspec
I, [2014-01-01T20:45:26.643530 #13071]  INFO -- : 0:  hike (1.2.3) from /Users/home/.rvm/gems/ruby-2.1.0/specifications/hike-1.2.3.gemspec
I, [2014-01-01T20:45:28.058473 #13071]  INFO -- : 0:  jbuilder (1.5.3) from /Users/home/.rvm/gems/ruby-2.1.0/specifications/jbuilder-1.5.3.gemspec
I, [2014-01-01T20:45:30.227867 #13071]  INFO -- : 0:  jquery-rails (3.0.4) from /Users/home/.rvm/gems/ruby-2.1.0/specifications/jquery-rails-3.0.4.gemspec
I, [2014-01-01T20:45:30.228774 #13071]  INFO -- : 0:  json (1.8.1) from /Users/home/.rvm/rubies/ruby-2.1.0/lib/ruby/gems/2.1.0/specifications/default/json-1.8.1.gemspec
I, [2014-01-01T20:45:40.751208 #13071]  INFO -- : 0:  mysql2 (0.3.14) from /Users/home/.rvm/gems/ruby-2.1.0/specifications/mysql2-0.3.14.gemspec
I, [2014-01-01T20:45:40.751938 #13071]  INFO -- : 0:  tilt (1.4.1) from /Users/home/.rvm/gems/ruby-2.1.0/specifications/tilt-1.4.1.gemspec
I, [2014-01-01T20:45:40.752641 #13071]  INFO -- : 0:  sprockets (2.10.1) from /Users/home/.rvm/gems/ruby-2.1.0/specifications/sprockets-2.10.1.gemspec
I, [2014-01-01T20:45:40.753355 #13071]  INFO -- : 0:  sprockets-rails (2.0.1) from /Users/home/.rvm/gems/ruby-2.1.0/specifications/sprockets-rails-2.0.1.gemspec
I, [2014-01-01T20:45:40.754083 #13071]  INFO -- : 0:  rails (4.0.2) from /Users/home/.rvm/gems/ruby-2.1.0/specifications/rails-4.0.2.gemspec
I, [2014-01-01T20:45:45.344493 #13071]  INFO -- : 0:  rdoc (3.12.2) from /Users/home/.rvm/gems/ruby-2.1.0/specifications/rdoc-3.12.2.gemspec
I, [2014-01-01T20:45:48.564777 #13071]  INFO -- : 0:  sass (3.2.13) from /Users/home/.rvm/gems/ruby-2.1.0/specifications/sass-3.2.13.gemspec
I, [2014-01-01T20:45:51.580794 #13071]  INFO -- : 0:  sass-rails (4.0.1) from /Users/home/.rvm/gems/ruby-2.1.0/specifications/sass-rails-4.0.1.gemspec
I, [2014-01-01T20:45:54.102936 #13071]  INFO -- : 0:  sdoc (0.3.20) from /Users/home/.rvm/gems/ruby-2.1.0/specifications/sdoc-0.3.20.gemspec
I, [2014-01-01T20:45:55.004478 #13071]  INFO -- : 0:  turbolinks (2.1.0) from /Users/home/.rvm/gems/ruby-2.1.0/specifications/turbolinks-2.1.0.gemspec
I, [2014-01-01T20:45:57.290001 #13071]  INFO -- : 0:  uglifier (2.4.0) from /Users/home/.rvm/gems/ruby-2.1.0/specifications/uglifier-2.4.0.gemspec
I, [2014-01-02T07:56:22.978720 #14317]  INFO -- : 0:  rake (10.1.1) from /Users/home/.rvm/gems/ruby-2.1.0/specifications/rake-10.1.1.gemspec
I, [2014-01-02T07:56:23.033627 #14317]  INFO -- : 0:  i18n (0.6.9) from /Users/home/.rvm/gems/ruby-2.1.0/specifications/i18n-0.6.9.gemspec
I, [2014-01-02T07:56:23.034457 #14317]  INFO -- : 0:  minitest (4.7.5) from /Users/home/.rvm/rubies/ruby-2.1.0/lib/ruby/gems/2.1.0/specifications/default/minitest-4.7.5.gemspec
I, [2014-01-02T07:56:23.034948 #14317]  INFO -- : 0:  multi_json (1.8.2) from /Users/home/.rvm/gems/ruby-2.1.0/specifications/multi_json-1.8.2.gemspec
I, [2014-01-02T07:56:23.035415 #14317]  INFO -- : 0:  atomic (1.1.14) from /Users/home/.rvm/gems/ruby-2.1.0/specifications/atomic-1.1.14.gemspec
I, [2014-01-02T07:56:23.036278 #14317]  INFO -- : 0:  thread_safe (0.1.3) from /Users/home/.rvm/gems/ruby-2.1.0/specifications/thread_safe-0.1.3.gemspec
I, [2014-01-02T07:56:23.036999 #14317]  INFO -- : 0:  tzinfo (0.3.38) from /Users/home/.rvm/gems/ruby-2.1.0/specifications/tzinfo-0.3.38.gemspec
I, [2014-01-02T07:56:23.037845 #14317]  INFO -- : 0:  activesupport (4.0.2) from /Users/home/.rvm/gems/ruby-2.1.0/specifications/activesupport-4.0.2.gemspec
I, [2014-01-02T07:56:23.038874 #14317]  INFO -- : 0:  builder (3.1.4) from /Users/home/.rvm/gems/ruby-2.1.0/specifications/builder-3.1.4.gemspec
I, [2014-01-02T07:56:23.039747 #14317]  INFO -- : 0:  erubis (2.7.0) from /Users/home/.rvm/gems/ruby-2.1.0/specifications/erubis-2.7.0.gemspec
I, [2014-01-02T07:56:23.040500 #14317]  INFO -- : 0:  rack (1.5.2) from /Users/home/.rvm/gems/ruby-2.1.0/specifications/rack-1.5.2.gemspec
I, [2014-01-02T07:56:23.041330 #14317]  INFO -- : 0:  rack-test (0.6.2) from /Users/home/.rvm/gems/ruby-2.1.0/specifications/rack-test-0.6.2.gemspec
I, [2014-01-02T07:56:23.041879 #14317]  INFO -- : 0:  actionpack (4.0.2) from /Users/home/.rvm/gems/ruby-2.1.0/specifications/actionpack-4.0.2.gemspec
I, [2014-01-02T07:56:23.042343 #14317]  INFO -- : 0:  mime-types (1.25.1) from /Users/home/.rvm/gems/ruby-2.1.0/specifications/mime-types-1.25.1.gemspec
I, [2014-01-02T07:56:23.043110 #14317]  INFO -- : 0:  polyglot (0.3.3) from /Users/home/.rvm/gems/ruby-2.1.0/specifications/polyglot-0.3.3.gemspec
I, [2014-01-02T07:56:23.044053 #14317]  INFO -- : 0:  treetop (1.4.15) from /Users/home/.rvm/gems/ruby-2.1.0/specifications/treetop-1.4.15.gemspec
I, [2014-01-02T07:56:23.044612 #14317]  INFO -- : 0:  mail (2.5.4) from /Users/home/.rvm/gems/ruby-2.1.0/specifications/mail-2.5.4.gemspec
I, [2014-01-02T07:56:23.045505 #14317]  INFO -- : 0:  actionmailer (4.0.2) from /Users/home/.rvm/gems/ruby-2.1.0/specifications/actionmailer-4.0.2.gemspec
I, [2014-01-02T07:56:23.046185 #14317]  INFO -- : 0:  activemodel (4.0.2) from /Users/home/.rvm/gems/ruby-2.1.0/specifications/activemodel-4.0.2.gemspec
I, [2014-01-02T07:56:23.046948 #14317]  INFO -- : 0:  activerecord-deprecated_finders (1.0.3) from /Users/home/.rvm/gems/ruby-2.1.0/specifications/activerecord-deprecated_finders-1.0.3.gemspec
I, [2014-01-02T07:56:23.047652 #14317]  INFO -- : 0:  arel (4.0.1) from /Users/home/.rvm/gems/ruby-2.1.0/specifications/arel-4.0.1.gemspec
I, [2014-01-02T07:56:23.048342 #14317]  INFO -- : 0:  activerecord (4.0.2) from /Users/home/.rvm/gems/ruby-2.1.0/specifications/activerecord-4.0.2.gemspec
I, [2014-01-02T07:56:23.049092 #14317]  INFO -- : 0:  bundler (1.5.1) from /Users/home/.rvm/gems/ruby-2.1.0@global/specifications/bundler-1.5.1.gemspec
I, [2014-01-02T07:56:27.451003 #14317]  INFO -- : 0:  net-ssh (2.7.0) from /Users/home/.rvm/gems/ruby-2.1.0/specifications/net-ssh-2.7.0.gemspec
I, [2014-01-02T07:56:29.859985 #14317]  INFO -- : 0:  net-scp (1.1.2) from /Users/home/.rvm/gems/ruby-2.1.0/specifications/net-scp-1.1.2.gemspec
I, [2014-01-02T07:56:32.019640 #14317]  INFO -- : 0:  tins (0.13.1) from /Users/home/.rvm/gems/ruby-2.1.0/specifications/tins-0.13.1.gemspec
I, [2014-01-02T07:56:41.160511 #14317]  INFO -- : 0:  term-ansicolor (1.2.2) from /Users/home/.rvm/gems/ruby-2.1.0/specifications/term-ansicolor-1.2.2.gemspec
I, [2014-01-02T07:56:45.482560 #14317]  INFO -- : 0:  sshkit (1.3.0) from /Users/home/.rvm/gems/ruby-2.1.0/specifications/sshkit-1.3.0.gemspec
I, [2014-01-02T07:56:49.442949 #14317]  INFO -- : 0:  capistrano (3.0.1) from /Users/home/.rvm/gems/ruby-2.1.0/specifications/capistrano-3.0.1.gemspec
I, [2014-01-02T07:56:49.444084 #14317]  INFO -- : 0:  coffee-script-source (1.6.3) from /Users/home/.rvm/gems/ruby-2.1.0/specifications/coffee-script-source-1.6.3.gemspec
I, [2014-01-02T07:56:49.444841 #14317]  INFO -- : 0:  execjs (2.0.2) from /Users/home/.rvm/gems/ruby-2.1.0/specifications/execjs-2.0.2.gemspec
I, [2014-01-02T07:56:49.445497 #14317]  INFO -- : 0:  coffee-script (2.2.0) from /Users/home/.rvm/gems/ruby-2.1.0/specifications/coffee-script-2.2.0.gemspec
I, [2014-01-02T07:56:49.446171 #14317]  INFO -- : 0:  thor (0.18.1) from /Users/home/.rvm/gems/ruby-2.1.0/specifications/thor-0.18.1.gemspec
I, [2014-01-02T07:56:49.446820 #14317]  INFO -- : 0:  railties (4.0.2) from /Users/home/.rvm/gems/ruby-2.1.0/specifications/railties-4.0.2.gemspec
I, [2014-01-02T07:56:49.447500 #14317]  INFO -- : 0:  coffee-rails (4.0.1) from /Users/home/.rvm/gems/ruby-2.1.0/specifications/coffee-rails-4.0.1.gemspec
I, [2014-01-02T07:56:51.454908 #14317]  INFO -- : 0:  columnize (0.3.6) from /Users/home/.rvm/gems/ruby-2.1.0/specifications/columnize-0.3.6.gemspec
I, [2014-01-02T07:56:52.706913 #14317]  INFO -- : 0:  debugger-linecache (1.2.0) from /Users/home/.rvm/gems/ruby-2.1.0/specifications/debugger-linecache-1.2.0.gemspec
I, [2014-01-02T07:57:04.571919 #14317]  INFO -- : 0:  debugger-ruby_core_source (1.3.1) from /Users/home/.rvm/gems/ruby-2.1.0/specifications/debugger-ruby_core_source-1.3.1.gemspec
I, [2014-01-02T07:57:22.447013 #14317]  INFO -- : 0:  debugger (1.6.5) from /Users/home/.rvm/gems/ruby-2.1.0/specifications/debugger-1.6.5.gemspec
I, [2014-01-02T07:57:22.499187 #14317]  INFO -- : 0:  hike (1.2.3) from /Users/home/.rvm/gems/ruby-2.1.0/specifications/hike-1.2.3.gemspec
I, [2014-01-02T07:57:22.508848 #14317]  INFO -- : 0:  jbuilder (1.5.3) from /Users/home/.rvm/gems/ruby-2.1.0/specifications/jbuilder-1.5.3.gemspec
I, [2014-01-02T07:57:22.510236 #14317]  INFO -- : 0:  jquery-rails (3.0.4) from /Users/home/.rvm/gems/ruby-2.1.0/specifications/jquery-rails-3.0.4.gemspec
I, [2014-01-02T07:57:22.511220 #14317]  INFO -- : 0:  json (1.8.1) from /Users/home/.rvm/rubies/ruby-2.1.0/lib/ruby/gems/2.1.0/specifications/default/json-1.8.1.gemspec
I, [2014-01-02T07:57:42.403461 #14317]  INFO -- : 0:  kgio (2.8.1) from /Users/home/.rvm/gems/ruby-2.1.0/specifications/kgio-2.8.1.gemspec
I, [2014-01-02T07:57:42.404883 #14317]  INFO -- : 0:  mysql2 (0.3.14) from /Users/home/.rvm/gems/ruby-2.1.0/specifications/mysql2-0.3.14.gemspec
I, [2014-01-02T07:57:42.405908 #14317]  INFO -- : 0:  tilt (1.4.1) from /Users/home/.rvm/gems/ruby-2.1.0/specifications/tilt-1.4.1.gemspec
I, [2014-01-02T07:57:42.406916 #14317]  INFO -- : 0:  sprockets (2.10.1) from /Users/home/.rvm/gems/ruby-2.1.0/specifications/sprockets-2.10.1.gemspec
I, [2014-01-02T07:57:42.407895 #14317]  INFO -- : 0:  sprockets-rails (2.0.1) from /Users/home/.rvm/gems/ruby-2.1.0/specifications/sprockets-rails-2.0.1.gemspec
I, [2014-01-02T07:57:42.409252 #14317]  INFO -- : 0:  rails (4.0.2) from /Users/home/.rvm/gems/ruby-2.1.0/specifications/rails-4.0.2.gemspec
I, [2014-01-02T07:57:54.419044 #14317]  INFO -- : 0:  raindrops (0.12.0) from /Users/home/.rvm/gems/ruby-2.1.0/specifications/raindrops-0.12.0.gemspec
I, [2014-01-02T07:57:54.420409 #14317]  INFO -- : 0:  rdoc (3.12.2) from /Users/home/.rvm/gems/ruby-2.1.0/specifications/rdoc-3.12.2.gemspec
I, [2014-01-02T07:57:54.421409 #14317]  INFO -- : 0:  sass (3.2.13) from /Users/home/.rvm/gems/ruby-2.1.0/specifications/sass-3.2.13.gemspec
I, [2014-01-02T07:57:54.422370 #14317]  INFO -- : 0:  sass-rails (4.0.1) from /Users/home/.rvm/gems/ruby-2.1.0/specifications/sass-rails-4.0.1.gemspec
I, [2014-01-02T07:57:54.423574 #14317]  INFO -- : 0:  sdoc (0.3.20) from /Users/home/.rvm/gems/ruby-2.1.0/specifications/sdoc-0.3.20.gemspec
I, [2014-01-02T07:57:56.183633 #14317]  INFO -- : 0:  strongbox (0.7.0) from /Users/home/.rvm/gems/ruby-2.1.0/specifications/strongbox-0.7.0.gemspec
I, [2014-01-02T07:57:56.185403 #14317]  INFO -- : 0:  turbolinks (2.1.0) from /Users/home/.rvm/gems/ruby-2.1.0/specifications/turbolinks-2.1.0.gemspec
I, [2014-01-02T07:57:56.186440 #14317]  INFO -- : 0:  uglifier (2.4.0) from /Users/home/.rvm/gems/ruby-2.1.0/specifications/uglifier-2.4.0.gemspec
I, [2014-01-02T07:58:06.482321 #14317]  INFO -- : 0:  unicorn (4.7.0) from /Users/home/.rvm/gems/ruby-2.1.0/specifications/unicorn-4.7.0.gemspec
